# JRE version: OpenJDK Runtime Environment Temurin-21.0.4+7 (21.0.4+7) (build 21.0.4+7-LTS)
# Java VM: OpenJDK 64-Bit Server VM Temurin-21.0.4+7 (21.0.4+7-LTS, mixed mode, emulated-client, tiered, compressed oops, compressed class ptrs, g1 gc, windows-amd64)
GC Precious Log:
 CardTable entry size: 512
 Card Set container configuration: InlinePtr #cards 5 size 8 Array Of Cards #cards 12 size 40 Howl #buckets 4 coarsen threshold 1843 Howl Bitmap #cards 512 size 80 coarsen threshold 460 Card regions per heap region 1 cards per card region 2048
 CPUs: 8 total, 8 available
 Memory: 8070M
 Large Page Support: Disabled
 NUMA Support: Disabled
 Compressed Oops: Enabled (32-bit)
 Heap Region Size: 1M
 Heap Min Capacity: 8M
 Heap Initial Capacity: 128M
 Heap Max Capacity: 2018M
 Pre-touch: Disabled
 Parallel Workers: 8
 Concurrent Workers: 2
 Concurrent Refinement Workers: 8
 Periodic GC: Disabled
Heap:
 garbage-first heap   total 81920K, used 39514K [0x0000000081e00000, 0x0000000100000000)
  region size 1024K, 16 young (16384K), 4 survivors (4096K)
 Metaspace       used 81942K, committed 82560K, reserved 1179648K
  class space    used 10134K, committed 10432K, reserved 1048576K
GC Heap History (20 events):
Event: 8405.214 GC heap before
{Heap before GC invocations=46 (full 6):
 garbage-first heap   total 81920K, used 59649K [0x0000000081e00000, 0x0000000100000000)
  region size 1024K, 38 young (38912K), 5 survivors (5120K)
 Metaspace       used 81160K, committed 81728K, reserved 1179648K
  class space    used 10090K, committed 10368K, reserved 1048576K
}
Event: 8405.263 GC heap after
{Heap after GC invocations=47 (full 7):
 garbage-first heap   total 81920K, used 24564K [0x0000000081e00000, 0x0000000100000000)
  region size 1024K, 0 young (0K), 0 survivors (0K)
 Metaspace       used 81107K, committed 81728K, reserved 1179648K
  class space    used 10077K, committed 10368K, reserved 1048576K
}
Event: 8405.732 GC heap before
{Heap before GC invocations=47 (full 7):
 garbage-first heap   total 81920K, used 70644K [0x0000000081e00000, 0x0000000100000000)
  region size 1024K, 45 young (46080K), 0 survivors (0K)
 Metaspace       used 81154K, committed 81728K, reserved 1179648K
  class space    used 10085K, committed 10368K, reserved 1048576K
}
Event: 8405.735 GC heap after
{Heap after GC invocations=48 (full 7):
 garbage-first heap   total 81920K, used 27841K [0x0000000081e00000, 0x0000000100000000)
  region size 1024K, 4 young (4096K), 4 survivors (4096K)
 Metaspace       used 81154K, committed 81728K, reserved 1179648K
  class space    used 10085K, committed 10368K, reserved 1048576K
}
Event: 8459.315 GC heap before
{Heap before GC invocations=49 (full 7):
 garbage-first heap   total 81920K, used 53441K [0x0000000081e00000, 0x0000000100000000)
  region size 1024K, 31 young (31744K), 4 survivors (4096K)
 Metaspace       used 81209K, committed 81856K, reserved 1179648K
  class space    used 10071K, committed 10368K, reserved 1048576K
}
Event: 8459.370 GC heap after
{Heap after GC invocations=50 (full 8):
 garbage-first heap   total 81920K, used 24598K [0x0000000081e00000, 0x0000000100000000)
  region size 1024K, 0 young (0K), 0 survivors (0K)
 Metaspace       used 81206K, committed 81856K, reserved 1179648K
  class space    used 10070K, committed 10368K, reserved 1048576K
}
Event: 8459.748 GC heap before
{Heap before GC invocations=50 (full 8):
 garbage-first heap   total 81920K, used 68630K [0x0000000081e00000, 0x0000000100000000)
  region size 1024K, 44 young (45056K), 0 survivors (0K)
 Metaspace       used 81238K, committed 81856K, reserved 1179648K
  class space    used 10075K, committed 10368K, reserved 1048576K
}
Event: 8459.751 GC heap after
{Heap after GC invocations=51 (full 8):
 garbage-first heap   total 81920K, used 27833K [0x0000000081e00000, 0x0000000100000000)
  region size 1024K, 4 young (4096K), 4 survivors (4096K)
 Metaspace       used 81238K, committed 81856K, reserved 1179648K
  class space    used 10075K, committed 10368K, reserved 1048576K
}
Event: 8516.389 GC heap before
{Heap before GC invocations=52 (full 8):
 garbage-first heap   total 81920K, used 55481K [0x0000000081e00000, 0x0000000100000000)
  region size 1024K, 32 young (32768K), 4 survivors (4096K)
 Metaspace       used 81402K, committed 81984K, reserved 1179648K
  class space    used 10088K, committed 10368K, reserved 1048576K
}
Event: 8516.431 GC heap after
{Heap after GC invocations=53 (full 9):
 garbage-first heap   total 81920K, used 24706K [0x0000000081e00000, 0x0000000100000000)
  region size 1024K, 0 young (0K), 0 survivors (0K)
 Metaspace       used 81397K, committed 81984K, reserved 1179648K
  class space    used 10087K, committed 10368K, reserved 1048576K
}
Event: 8516.864 GC heap before
{Heap before GC invocations=53 (full 9):
 garbage-first heap   total 81920K, used 70786K [0x0000000081e00000, 0x0000000100000000)
  region size 1024K, 45 young (46080K), 0 survivors (0K)
 Metaspace       used 81466K, committed 81984K, reserved 1179648K
  class space    used 10095K, committed 10368K, reserved 1048576K
}
Event: 8516.867 GC heap after
{Heap after GC invocations=54 (full 9):
 garbage-first heap   total 81920K, used 27928K [0x0000000081e00000, 0x0000000100000000)
  region size 1024K, 4 young (4096K), 4 survivors (4096K)
 Metaspace       used 81466K, committed 81984K, reserved 1179648K
  class space    used 10095K, committed 10368K, reserved 1048576K
}
Event: 8523.595 GC heap before
{Heap before GC invocations=55 (full 9):
 garbage-first heap   total 81920K, used 52504K [0x0000000081e00000, 0x0000000100000000)
  region size 1024K, 29 young (29696K), 4 survivors (4096K)
 Metaspace       used 81575K, committed 82112K, reserved 1179648K
  class space    used 10101K, committed 10368K, reserved 1048576K
}
Event: 8523.635 GC heap after
{Heap after GC invocations=56 (full 10):
 garbage-first heap   total 81920K, used 24783K [0x0000000081e00000, 0x0000000100000000)
  region size 1024K, 0 young (0K), 0 survivors (0K)
 Metaspace       used 81570K, committed 82112K, reserved 1179648K
  class space    used 10100K, committed 10368K, reserved 1048576K
}
Event: 8524.021 GC heap before
{Heap before GC invocations=56 (full 10):
 garbage-first heap   total 81920K, used 69839K [0x0000000081e00000, 0x0000000100000000)
  region size 1024K, 44 young (45056K), 0 survivors (0K)
 Metaspace       used 81604K, committed 82176K, reserved 1179648K
  class space    used 10107K, committed 10368K, reserved 1048576K
}
Event: 8524.025 GC heap after
{Heap after GC invocations=57 (full 10):
 garbage-first heap   total 81920K, used 28073K [0x0000000081e00000, 0x0000000100000000)
  region size 1024K, 4 young (4096K), 4 survivors (4096K)
 Metaspace       used 81604K, committed 82176K, reserved 1179648K
  class space    used 10107K, committed 10368K, reserved 1048576K
}
Event: 8925.293 GC heap before
{Heap before GC invocations=58 (full 10):
 garbage-first heap   total 81920K, used 61865K [0x0000000081e00000, 0x0000000100000000)
  region size 1024K, 38 young (38912K), 4 survivors (4096K)
 Metaspace       used 81769K, committed 82368K, reserved 1179648K
  class space    used 10118K, committed 10432K, reserved 1048576K
}
Event: 8925.335 GC heap after
{Heap after GC invocations=59 (full 11):
 garbage-first heap   total 81920K, used 24960K [0x0000000081e00000, 0x0000000100000000)
  region size 1024K, 0 young (0K), 0 survivors (0K)
 Metaspace       used 81766K, committed 82368K, reserved 1179648K
  class space    used 10118K, committed 10432K, reserved 1048576K
}
Event: 8925.868 GC heap before
{Heap before GC invocations=59 (full 11):
 garbage-first heap   total 81920K, used 70016K [0x0000000081e00000, 0x0000000100000000)
  region size 1024K, 45 young (46080K), 0 survivors (0K)
 Metaspace       used 81808K, committed 82432K, reserved 1179648K
  class space    used 10126K, committed 10432K, reserved 1048576K
}
Event: 8925.871 GC heap after
{Heap after GC invocations=60 (full 11):
 garbage-first heap   total 81920K, used 28250K [0x0000000081e00000, 0x0000000100000000)
  region size 1024K, 4 young (4096K), 4 survivors (4096K)
 Metaspace       used 81808K, committed 82432K, reserved 1179648K
  class space    used 10126K, committed 10432K, reserved 1048576K
}

